<?xml version="1.0" encoding="UTF-8"?>
<robot generator="Robot 6.1.1 (Python 3.12.1 on win32)" generated="20240227 22:47:59.287" rpa="false" schemaversion="4">
<suite id="s1" name="Test Sprint3 Tc01" source="C:\xampp\htdocs\se_project\UAT\Sprint03\test_sprint3_tc01.robot">
<test id="s1-t1" name="Open Browser" line="9">
<kw name="Open Browser" library="SeleniumLibrary">
<arg>${URL}</arg>
<arg>${BROWSER}</arg>
<doc>Opens a new browser instance to the optional ``url``.</doc>
<msg timestamp="20240227 22:47:59.648" level="INFO">Opening browser 'Chrome' to base url 'http://localhost/se_project/Project/th/module/applicationform/home'.</msg>
<status status="PASS" starttime="20240227 22:47:59.648" endtime="20240227 22:48:03.844"/>
</kw>
<status status="PASS" starttime="20240227 22:47:59.647" endtime="20240227 22:48:03.845"/>
</test>
<test id="s1-t2" name="Select Student Login" line="11">
<kw name="Click Element" library="SeleniumLibrary">
<arg>xpath://*[@name='studentlogin']</arg>
<doc>Click the element identified by ``locator``.</doc>
<msg timestamp="20240227 22:48:03.852" level="INFO">Clicking element 'xpath://*[@name='studentlogin']'.</msg>
<status status="PASS" starttime="20240227 22:48:03.849" endtime="20240227 22:48:04.947"/>
</kw>
<kw name="Title Should Be" library="SeleniumLibrary">
<arg>เข้าสู่ระบบ</arg>
<doc>Verifies that the current page title equals ``title``.</doc>
<msg timestamp="20240227 22:48:04.957" level="INFO">Page title is 'เข้าสู่ระบบ'.</msg>
<status status="PASS" starttime="20240227 22:48:04.948" endtime="20240227 22:48:04.957"/>
</kw>
<status status="PASS" starttime="20240227 22:48:03.848" endtime="20240227 22:48:04.958"/>
</test>
<test id="s1-t3" name="Fail Login" line="14">
<kw name="Input Text" library="SeleniumLibrary">
<arg>id:student_email</arg>
<arg>student5@gmail.com</arg>
<doc>Types the given ``text`` into the text field identified by ``locator``.</doc>
<msg timestamp="20240227 22:48:04.961" level="INFO">Typing text 'student5@gmail.com' into text field 'id:student_email'.</msg>
<status status="PASS" starttime="20240227 22:48:04.961" endtime="20240227 22:48:05.106"/>
</kw>
<kw name="Click Element" library="SeleniumLibrary">
<arg>xpath://*[@name='loginstudent']</arg>
<doc>Click the element identified by ``locator``.</doc>
<msg timestamp="20240227 22:48:05.107" level="INFO">Clicking element 'xpath://*[@name='loginstudent']'.</msg>
<status status="PASS" starttime="20240227 22:48:05.107" endtime="20240227 22:48:05.179"/>
</kw>
<kw name="Title Should Be" library="SeleniumLibrary">
<arg>เข้าสู่ระบบ</arg>
<doc>Verifies that the current page title equals ``title``.</doc>
<msg timestamp="20240227 22:48:05.189" level="INFO">Page title is 'เข้าสู่ระบบ'.</msg>
<status status="PASS" starttime="20240227 22:48:05.179" endtime="20240227 22:48:05.190"/>
</kw>
<status status="PASS" starttime="20240227 22:48:04.960" endtime="20240227 22:48:05.190"/>
</test>
<test id="s1-t4" name="Pass Login" line="18">
<kw name="Input Text" library="SeleniumLibrary">
<arg>id:student_email</arg>
<arg>student5@kkumail.com</arg>
<doc>Types the given ``text`` into the text field identified by ``locator``.</doc>
<msg timestamp="20240227 22:48:05.192" level="INFO">Typing text 'student5@kkumail.com' into text field 'id:student_email'.</msg>
<status status="PASS" starttime="20240227 22:48:05.191" endtime="20240227 22:48:05.397"/>
</kw>
<kw name="Click Element" library="SeleniumLibrary">
<arg>xpath://*[@name='loginstudent']</arg>
<doc>Click the element identified by ``locator``.</doc>
<msg timestamp="20240227 22:48:05.430" level="INFO">Clicking element 'xpath://*[@name='loginstudent']'.</msg>
<status status="PASS" starttime="20240227 22:48:05.429" endtime="20240227 22:48:06.412"/>
</kw>
<kw name="Title Should Be" library="SeleniumLibrary">
<arg>หน้าหลักสำหรับนักศึกษา</arg>
<doc>Verifies that the current page title equals ``title``.</doc>
<msg timestamp="20240227 22:48:06.418" level="INFO">Page title is 'หน้าหลักสำหรับนักศึกษา'.</msg>
<status status="PASS" starttime="20240227 22:48:06.413" endtime="20240227 22:48:06.418"/>
</kw>
<status status="PASS" starttime="20240227 22:48:05.190" endtime="20240227 22:48:06.419"/>
</test>
<test id="s1-t5" name="Select Applicationform Menu" line="22">
<kw name="Click Element" library="SeleniumLibrary">
<arg>xpath://*[@name='applicationform']</arg>
<doc>Click the element identified by ``locator``.</doc>
<msg timestamp="20240227 22:48:06.421" level="INFO">Clicking element 'xpath://*[@name='applicationform']'.</msg>
<status status="PASS" starttime="20240227 22:48:06.419" endtime="20240227 22:48:07.475"/>
</kw>
<kw name="Title Should Be" library="SeleniumLibrary">
<arg>แบบฟอร์มขอเงินสนับสนุน</arg>
<doc>Verifies that the current page title equals ``title``.</doc>
<msg timestamp="20240227 22:48:07.483" level="INFO">Page title is 'แบบฟอร์มขอเงินสนับสนุน'.</msg>
<status status="PASS" starttime="20240227 22:48:07.476" endtime="20240227 22:48:07.483"/>
</kw>
<status status="PASS" starttime="20240227 22:48:06.419" endtime="20240227 22:48:07.483"/>
</test>
<test id="s1-t6" name="Input text false pattern teacher_email" line="25">
<kw name="Input Text" library="SeleniumLibrary">
<arg>id:name_title</arg>
<arg>นาย</arg>
<doc>Types the given ``text`` into the text field identified by ``locator``.</doc>
<msg timestamp="20240227 22:48:07.486" level="INFO">Typing text 'นาย' into text field 'id:name_title'.</msg>
<status status="PASS" starttime="20240227 22:48:07.485" endtime="20240227 22:48:07.588"/>
</kw>
<kw name="Input Text" library="SeleniumLibrary">
<arg>id:first_name</arg>
<arg>สมจิตร</arg>
<doc>Types the given ``text`` into the text field identified by ``locator``.</doc>
<msg timestamp="20240227 22:48:07.589" level="INFO">Typing text 'สมจิตร' into text field 'id:first_name'.</msg>
<status status="PASS" starttime="20240227 22:48:07.589" endtime="20240227 22:48:07.706"/>
</kw>
<kw name="Input Text" library="SeleniumLibrary">
<arg>id:last_name</arg>
<arg>ชิดซ้าย</arg>
<doc>Types the given ``text`` into the text field identified by ``locator``.</doc>
<msg timestamp="20240227 22:48:07.707" level="INFO">Typing text 'ชิดซ้าย' into text field 'id:last_name'.</msg>
<status status="PASS" starttime="20240227 22:48:07.706" endtime="20240227 22:48:07.850"/>
</kw>
<kw name="Input Text" library="SeleniumLibrary">
<arg>id:student_id</arg>
<arg>641234569-7</arg>
<doc>Types the given ``text`` into the text field identified by ``locator``.</doc>
<msg timestamp="20240227 22:48:07.851" level="INFO">Typing text '641234569-7' into text field 'id:student_id'.</msg>
<status status="PASS" starttime="20240227 22:48:07.850" endtime="20240227 22:48:07.955"/>
</kw>
<kw name="Input Text" library="SeleniumLibrary">
<arg>id:citizen_id</arg>
<arg>1234567890123</arg>
<doc>Types the given ``text`` into the text field identified by ``locator``.</doc>
<msg timestamp="20240227 22:48:07.956" level="INFO">Typing text '1234567890123' into text field 'id:citizen_id'.</msg>
<status status="PASS" starttime="20240227 22:48:07.956" endtime="20240227 22:48:08.066"/>
</kw>
<kw name="Input Text" library="SeleniumLibrary">
<arg>id:GPA</arg>
<arg>3.70</arg>
<doc>Types the given ``text`` into the text field identified by ``locator``.</doc>
<msg timestamp="20240227 22:48:08.067" level="INFO">Typing text '3.70' into text field 'id:GPA'.</msg>
<status status="PASS" starttime="20240227 22:48:08.067" endtime="20240227 22:48:08.150"/>
</kw>
<kw name="Input Text" library="SeleniumLibrary">
<arg>id:phone_number</arg>
<arg>0987654321</arg>
<doc>Types the given ``text`` into the text field identified by ``locator``.</doc>
<msg timestamp="20240227 22:48:08.151" level="INFO">Typing text '0987654321' into text field 'id:phone_number'.</msg>
<status status="PASS" starttime="20240227 22:48:08.151" endtime="20240227 22:48:08.258"/>
</kw>
<kw name="Input Text" library="SeleniumLibrary">
<arg>id:date_of_birth</arg>
<arg>01/10/2545</arg>
<doc>Types the given ``text`` into the text field identified by ``locator``.</doc>
<msg timestamp="20240227 22:48:08.259" level="INFO">Typing text '01/10/2545' into text field 'id:date_of_birth'.</msg>
<status status="PASS" starttime="20240227 22:48:08.258" endtime="20240227 22:48:08.373"/>
</kw>
<kw name="Input Text" library="SeleniumLibrary">
<arg>id:teacher_email</arg>
<arg>teacher@gmail.com</arg>
<doc>Types the given ``text`` into the text field identified by ``locator``.</doc>
<msg timestamp="20240227 22:48:08.375" level="INFO">Typing text 'teacher@gmail.com' into text field 'id:teacher_email'.</msg>
<status status="PASS" starttime="20240227 22:48:08.374" endtime="20240227 22:48:08.494"/>
</kw>
<kw name="Input Text" library="SeleniumLibrary">
<arg>id:reason_for_scholarship</arg>
<arg>ไม่มีตังค์กินข้าวแล้วววว</arg>
<doc>Types the given ``text`` into the text field identified by ``locator``.</doc>
<msg timestamp="20240227 22:48:08.495" level="INFO">Typing text 'ไม่มีตังค์กินข้าวแล้วววว' into text field 'id:reason_for_scholarship'.</msg>
<status status="PASS" starttime="20240227 22:48:08.495" endtime="20240227 22:48:08.615"/>
</kw>
<kw name="Title Should Be" library="SeleniumLibrary">
<arg>แบบฟอร์มขอเงินสนับสนุน</arg>
<doc>Verifies that the current page title equals ``title``.</doc>
<msg timestamp="20240227 22:48:08.618" level="INFO">Page title is 'แบบฟอร์มขอเงินสนับสนุน'.</msg>
<status status="PASS" starttime="20240227 22:48:08.615" endtime="20240227 22:48:08.618"/>
</kw>
<status status="PASS" starttime="20240227 22:48:07.484" endtime="20240227 22:48:08.618"/>
</test>
<test id="s1-t7" name="Input text false teacher_email" line="37">
<kw name="Input Text" library="SeleniumLibrary">
<arg>id:teacher_email</arg>
<arg>teacher@kku.ac.th</arg>
<doc>Types the given ``text`` into the text field identified by ``locator``.</doc>
<msg timestamp="20240227 22:48:08.621" level="INFO">Typing text 'teacher@kku.ac.th' into text field 'id:teacher_email'.</msg>
<status status="PASS" starttime="20240227 22:48:08.619" endtime="20240227 22:48:08.734"/>
</kw>
<kw name="Title Should Be" library="SeleniumLibrary">
<arg>แบบฟอร์มขอเงินสนับสนุน</arg>
<doc>Verifies that the current page title equals ``title``.</doc>
<msg timestamp="20240227 22:48:08.738" level="INFO">Page title is 'แบบฟอร์มขอเงินสนับสนุน'.</msg>
<status status="PASS" starttime="20240227 22:48:08.734" endtime="20240227 22:48:08.738"/>
</kw>
<status status="PASS" starttime="20240227 22:48:08.619" endtime="20240227 22:48:08.738"/>
</test>
<test id="s1-t8" name="Input text true teacher_email" line="40">
<kw name="Input Text" library="SeleniumLibrary">
<arg>id:teacher_email</arg>
<arg>teacher1@kku.ac.th</arg>
<doc>Types the given ``text`` into the text field identified by ``locator``.</doc>
<msg timestamp="20240227 22:48:08.739" level="INFO">Typing text 'teacher1@kku.ac.th' into text field 'id:teacher_email'.</msg>
<status status="PASS" starttime="20240227 22:48:08.739" endtime="20240227 22:48:08.863"/>
</kw>
<kw name="Click Element" library="SeleniumLibrary">
<arg>xpath://*[@name='submitapplicationform']</arg>
<doc>Click the element identified by ``locator``.</doc>
<msg timestamp="20240227 22:48:08.864" level="INFO">Clicking element 'xpath://*[@name='submitapplicationform']'.</msg>
<status status="PASS" starttime="20240227 22:48:08.863" endtime="20240227 22:48:09.718"/>
</kw>
<kw name="Title Should Be" library="SeleniumLibrary">
<arg>หน้าหลักสำหรับนักศึกษา</arg>
<doc>Verifies that the current page title equals ``title``.</doc>
<msg timestamp="20240227 22:48:09.728" level="INFO">Page title is 'หน้าหลักสำหรับนักศึกษา'.</msg>
<status status="PASS" starttime="20240227 22:48:09.718" endtime="20240227 22:48:09.728"/>
</kw>
<status status="PASS" starttime="20240227 22:48:08.739" endtime="20240227 22:48:09.730"/>
</test>
<test id="s1-t9" name="Go to myapplication page" line="44">
<kw name="Click Element" library="SeleniumLibrary">
<arg>xpath://*[@name='myapplication']</arg>
<doc>Click the element identified by ``locator``.</doc>
<msg timestamp="20240227 22:48:09.733" level="INFO">Clicking element 'xpath://*[@name='myapplication']'.</msg>
<status status="PASS" starttime="20240227 22:48:09.732" endtime="20240227 22:48:10.672"/>
</kw>
<kw name="Title Should Be" library="SeleniumLibrary">
<arg>ตรวจสอบสถานะคำร้อง</arg>
<doc>Verifies that the current page title equals ``title``.</doc>
<msg timestamp="20240227 22:48:10.678" level="INFO">Page title is 'ตรวจสอบสถานะคำร้อง'.</msg>
<status status="PASS" starttime="20240227 22:48:10.672" endtime="20240227 22:48:10.678"/>
</kw>
<status status="PASS" starttime="20240227 22:48:09.731" endtime="20240227 22:48:10.678"/>
</test>
<test id="s1-t10" name="Go back to student home page" line="47">
<kw name="Click Element" library="SeleniumLibrary">
<arg>xpath://*[@name='goback']</arg>
<doc>Click the element identified by ``locator``.</doc>
<msg timestamp="20240227 22:48:10.680" level="INFO">Clicking element 'xpath://*[@name='goback']'.</msg>
<status status="PASS" starttime="20240227 22:48:10.679" endtime="20240227 22:48:11.488"/>
</kw>
<kw name="Title Should Be" library="SeleniumLibrary">
<arg>หน้าหลักสำหรับนักศึกษา</arg>
<doc>Verifies that the current page title equals ``title``.</doc>
<msg timestamp="20240227 22:48:11.499" level="INFO">Page title is 'หน้าหลักสำหรับนักศึกษา'.</msg>
<status status="PASS" starttime="20240227 22:48:11.489" endtime="20240227 22:48:11.499"/>
</kw>
<status status="PASS" starttime="20240227 22:48:10.679" endtime="20240227 22:48:11.499"/>
</test>
<test id="s1-t11" name="Logout" line="50">
<kw name="Click Element" library="SeleniumLibrary">
<arg>xpath://*[@name='getlogout']</arg>
<doc>Click the element identified by ``locator``.</doc>
<msg timestamp="20240227 22:48:11.500" level="INFO">Clicking element 'xpath://*[@name='getlogout']'.</msg>
<status status="PASS" starttime="20240227 22:48:11.500" endtime="20240227 22:48:12.307"/>
</kw>
<kw name="Title Should Be" library="SeleniumLibrary">
<arg>หน้าหลัก</arg>
<doc>Verifies that the current page title equals ``title``.</doc>
<msg timestamp="20240227 22:48:12.315" level="INFO">Page title is 'หน้าหลัก'.</msg>
<status status="PASS" starttime="20240227 22:48:12.307" endtime="20240227 22:48:12.315"/>
</kw>
<status status="PASS" starttime="20240227 22:48:11.500" endtime="20240227 22:48:12.315"/>
</test>
<test id="s1-t12" name="Select Teacher Login" line="53">
<kw name="Click Element" library="SeleniumLibrary">
<arg>xpath://*[@name='teacherlogin']</arg>
<doc>Click the element identified by ``locator``.</doc>
<msg timestamp="20240227 22:48:12.316" level="INFO">Clicking element 'xpath://*[@name='teacherlogin']'.</msg>
<status status="PASS" starttime="20240227 22:48:12.316" endtime="20240227 22:48:13.135"/>
</kw>
<kw name="Title Should Be" library="SeleniumLibrary">
<arg>เข้าสู่ระบบ</arg>
<doc>Verifies that the current page title equals ``title``.</doc>
<msg timestamp="20240227 22:48:13.139" level="INFO">Page title is 'เข้าสู่ระบบ'.</msg>
<status status="PASS" starttime="20240227 22:48:13.135" endtime="20240227 22:48:13.139"/>
</kw>
<status status="PASS" starttime="20240227 22:48:12.315" endtime="20240227 22:48:13.140"/>
</test>
<test id="s1-t13" name="Fail Login" line="56">
<kw name="Input Text" library="SeleniumLibrary">
<arg>id:teacher_email</arg>
<arg>teacher1@gmail.com</arg>
<doc>Types the given ``text`` into the text field identified by ``locator``.</doc>
<msg timestamp="20240227 22:48:13.141" level="INFO">Typing text 'teacher1@gmail.com' into text field 'id:teacher_email'.</msg>
<status status="PASS" starttime="20240227 22:48:13.141" endtime="20240227 22:48:13.264"/>
</kw>
<kw name="Click Element" library="SeleniumLibrary">
<arg>xpath://*[@name='loginteacher']</arg>
<doc>Click the element identified by ``locator``.</doc>
<msg timestamp="20240227 22:48:13.265" level="INFO">Clicking element 'xpath://*[@name='loginteacher']'.</msg>
<status status="PASS" starttime="20240227 22:48:13.265" endtime="20240227 22:48:13.312"/>
</kw>
<kw name="Title Should Be" library="SeleniumLibrary">
<arg>เข้าสู่ระบบ</arg>
<doc>Verifies that the current page title equals ``title``.</doc>
<msg timestamp="20240227 22:48:13.316" level="INFO">Page title is 'เข้าสู่ระบบ'.</msg>
<status status="PASS" starttime="20240227 22:48:13.313" endtime="20240227 22:48:13.316"/>
</kw>
<status status="PASS" starttime="20240227 22:48:13.140" endtime="20240227 22:48:13.317"/>
</test>
<test id="s1-t14" name="Pass Login" line="60">
<kw name="Input Text" library="SeleniumLibrary">
<arg>id:teacher_email</arg>
<arg>teacher1@kku.ac.th</arg>
<doc>Types the given ``text`` into the text field identified by ``locator``.</doc>
<msg timestamp="20240227 22:48:13.319" level="INFO">Typing text 'teacher1@kku.ac.th' into text field 'id:teacher_email'.</msg>
<status status="PASS" starttime="20240227 22:48:13.318" endtime="20240227 22:48:13.470"/>
</kw>
<kw name="Click Element" library="SeleniumLibrary">
<arg>xpath://*[@name='loginteacher']</arg>
<doc>Click the element identified by ``locator``.</doc>
<msg timestamp="20240227 22:48:13.471" level="INFO">Clicking element 'xpath://*[@name='loginteacher']'.</msg>
<status status="PASS" starttime="20240227 22:48:13.470" endtime="20240227 22:48:14.595"/>
</kw>
<kw name="Title Should Be" library="SeleniumLibrary">
<arg>หน้าหลักสำหรับอาจารย์</arg>
<doc>Verifies that the current page title equals ``title``.</doc>
<msg timestamp="20240227 22:48:14.607" level="INFO">Page title is 'หน้าหลักสำหรับอาจารย์'.</msg>
<status status="PASS" starttime="20240227 22:48:14.596" endtime="20240227 22:48:14.607"/>
</kw>
<status status="PASS" starttime="20240227 22:48:13.318" endtime="20240227 22:48:14.607"/>
</test>
<test id="s1-t15" name="Click Acknowledge" line="64">
<kw name="Click Element" library="SeleniumLibrary">
<arg>xpath://*[@name='acknowledge']</arg>
<doc>Click the element identified by ``locator``.</doc>
<msg timestamp="20240227 22:48:14.609" level="INFO">Clicking element 'xpath://*[@name='acknowledge']'.</msg>
<status status="PASS" starttime="20240227 22:48:14.607" endtime="20240227 22:48:15.569"/>
</kw>
<kw name="Title Should Be" library="SeleniumLibrary">
<arg>หน้าหลักสำหรับอาจารย์</arg>
<doc>Verifies that the current page title equals ``title``.</doc>
<msg timestamp="20240227 22:48:15.579" level="INFO">Page title is 'หน้าหลักสำหรับอาจารย์'.</msg>
<status status="PASS" starttime="20240227 22:48:15.569" endtime="20240227 22:48:15.579"/>
</kw>
<status status="PASS" starttime="20240227 22:48:14.607" endtime="20240227 22:48:15.579"/>
</test>
<test id="s1-t16" name="Logout" line="67">
<kw name="Click Element" library="SeleniumLibrary">
<arg>xpath://*[@name='getlogout']</arg>
<doc>Click the element identified by ``locator``.</doc>
<msg timestamp="20240227 22:48:15.582" level="INFO">Clicking element 'xpath://*[@name='getlogout']'.</msg>
<status status="PASS" starttime="20240227 22:48:15.582" endtime="20240227 22:48:16.372"/>
</kw>
<kw name="Title Should Be" library="SeleniumLibrary">
<arg>หน้าหลัก</arg>
<doc>Verifies that the current page title equals ``title``.</doc>
<msg timestamp="20240227 22:48:16.381" level="INFO">Page title is 'หน้าหลัก'.</msg>
<status status="PASS" starttime="20240227 22:48:16.373" endtime="20240227 22:48:16.382"/>
</kw>
<status status="PASS" starttime="20240227 22:48:15.581" endtime="20240227 22:48:16.382"/>
</test>
<status status="PASS" starttime="20240227 22:47:59.289" endtime="20240227 22:48:16.383"/>
</suite>
<statistics>
<total>
<stat pass="16" fail="0" skip="0">All Tests</stat>
</total>
<tag>
</tag>
<suite>
<stat pass="16" fail="0" skip="0" id="s1" name="Test Sprint3 Tc01">Test Sprint3 Tc01</stat>
</suite>
</statistics>
<errors>
<msg timestamp="20240227 22:48:13.140" level="WARN">Multiple tests with name 'Fail Login' executed in suite 'Test Sprint3 Tc01'.</msg>
<msg timestamp="20240227 22:48:13.317" level="WARN">Multiple tests with name 'Pass Login' executed in suite 'Test Sprint3 Tc01'.</msg>
<msg timestamp="20240227 22:48:15.581" level="WARN">Multiple tests with name 'Logout' executed in suite 'Test Sprint3 Tc01'.</msg>
</errors>
</robot>
